app/build/outputs/logs/manifest-merger-debug-report.txt
-- Merging decision tree log ---
manifest
ADDED from src/main/AndroidManifest.xml:2:1-105:12
	xmlns:android
		ADDED from src/main/AndroidManifest.xml:2:11-69
	package
		ADDED from src/main/AndroidManifest.xml:3:7-50
		INJECTED from src/main/AndroidManifest.xml
		INJECTED from src/main/AndroidManifest.xml
	android:versionName
		ADDED from src/main/AndroidManifest.xml:5:7-32
		INJECTED from src/main/AndroidManifest.xml
		INJECTED from src/main/AndroidManifest.xml
	android:versionCode
		ADDED from src/main/AndroidManifest.xml:4:7-32
		INJECTED from src/main/AndroidManifest.xml
		INJECTED from src/main/AndroidManifest.xml
uses-sdk
ADDED from src/main/AndroidManifest.xml:14:5-73
	android:targetSdkVersion
		ADDED from src/main/AndroidManifest.xml:14:41-70
		INJECTED from src/main/AndroidManifest.xml
		INJECTED from src/main/AndroidManifest.xml
	android:minSdkVersion
		ADDED from src/main/AndroidManifest.xml:14:15-40
		INJECTED from src/main/AndroidManifest.xml
		INJECTED from src/main/AndroidManifest.xml
uses-feature#0x00020000
ADDED from src/main/AndroidManifest.xml:22:5-54
	android:glEsVersion
		ADDED from src/main/AndroidManifest.xml:22:19-51
uses-feature#android.hardware.camera
ADDED from src/main/AndroidManifest.xml:38:5-60
	android:name
		ADDED from src/main/AndroidManifest.xml:38:19-57
uses-permission#android.permission.CAMERA
ADDED from src/main/AndroidManifest.xml:43:5-65
	android:name
		ADDED from src/main/AndroidManifest.xml:43:22-62
uses-permission#android.permission.INTERNET
ADDED from src/main/AndroidManifest.xml:48:5-66
	android:name
		ADDED from src/main/AndroidManifest.xml:48:22-64
uses-permission#android.permission.ACCESS_NETWORK_STATE
ADDED from src/main/AndroidManifest.xml:54:5-79
	android:name
		ADDED from src/main/AndroidManifest.xml:54:22-76
application
ADDED from src/main/AndroidManifest.xml:70:5-103:19
	android:label
		ADDED from src/main/AndroidManifest.xml:72:9-41
	android:debuggable
		ADDED from src/main/AndroidManifest.xml:76:9-34
	android:icon
		ADDED from src/main/AndroidManifest.xml:71:9-46
	android:theme
		ADDED from src/main/AndroidManifest.xml:75:9-67
	android:description
		ADDED from src/main/AndroidManifest.xml:73:9-54
	android:launchMode
		ADDED from src/main/AndroidManifest.xml:74:9-40
activity#com.qualcomm.QCARSamples.Dominoes.Dominoes
ADDED from src/main/AndroidManifest.xml:92:9-101:20
	android:label
		ADDED from src/main/AndroidManifest.xml:92:19-51
	android:configChanges
		ADDED from src/main/AndroidManifest.xml:93:19-99
	android:name
		ADDED from src/main/AndroidManifest.xml:94:19-43
intent-filter#android.intent.action.MAIN+android.intent.category.LAUNCHER
ADDED from src/main/AndroidManifest.xml:96:13-99:29
action#android.intent.action.MAIN
ADDED from src/main/AndroidManifest.xml:97:17-69
	android:name
		ADDED from src/main/AndroidManifest.xml:97:25-66
category#android.intent.category.LAUNCHER
ADDED from src/main/AndroidManifest.xml:98:17-77
	android:name
		ADDED from src/main/AndroidManifest.xml:98:27-74